-------------------------------------------------------------------------------
Test set: ada.edu.demo.webtest.WebInterfaceTests
-------------------------------------------------------------------------------
Tests run: 2, Failures: 0, Errors: 2, Skipped: 0, Time elapsed: 11.603 s <<< FAILURE! - in ada.edu.demo.webtest.WebInterfaceTests
CreateUser  Time elapsed: 0.003 s  <<< ERROR!
org.springframework.beans.factory.UnsatisfiedDependencyException: 
Error creating bean with name 'ada.edu.demo.webtest.WebInterfaceTests': Unsatisfied dependency expressed through field 'webDriver'; nested exception is org.springframework.beans.factory.BeanCreationException: Error creating bean with name 'webDriver' defined in class path resource [ada/edu/demo/webtest/config/SeleniumConfig.class]: Bean instantiation via factory method failed; nested exception is org.springframework.beans.BeanInstantiationException: Failed to instantiate [org.openqa.selenium.WebDriver]: Factory method 'webDriver' threw exception; nested exception is org.openqa.selenium.WebDriverException: Cannot find firefox binary in PATH. Make sure firefox is installed. OS appears to be: MAC
Build info: version: '3.141.59', revision: 'e82be7d358', time: '2018-11-14T08:17:03'
System info: host: 'Turals-MacBook-Pro-X.local', ip: 'fe80:0:0:0:1cf9:f9cf:e8fe:9846%en0', os.name: 'Mac OS X', os.arch: 'x86_64', os.version: '13.0', java.version: '21.0.2'
Driver info: driver.version: FirefoxDriver
Caused by: org.springframework.beans.factory.BeanCreationException: 
Error creating bean with name 'webDriver' defined in class path resource [ada/edu/demo/webtest/config/SeleniumConfig.class]: Bean instantiation via factory method failed; nested exception is org.springframework.beans.BeanInstantiationException: Failed to instantiate [org.openqa.selenium.WebDriver]: Factory method 'webDriver' threw exception; nested exception is org.openqa.selenium.WebDriverException: Cannot find firefox binary in PATH. Make sure firefox is installed. OS appears to be: MAC
Build info: version: '3.141.59', revision: 'e82be7d358', time: '2018-11-14T08:17:03'
System info: host: 'Turals-MacBook-Pro-X.local', ip: 'fe80:0:0:0:1cf9:f9cf:e8fe:9846%en0', os.name: 'Mac OS X', os.arch: 'x86_64', os.version: '13.0', java.version: '21.0.2'
Driver info: driver.version: FirefoxDriver
Caused by: org.springframework.beans.BeanInstantiationException: 
Failed to instantiate [org.openqa.selenium.WebDriver]: Factory method 'webDriver' threw exception; nested exception is org.openqa.selenium.WebDriverException: Cannot find firefox binary in PATH. Make sure firefox is installed. OS appears to be: MAC
Build info: version: '3.141.59', revision: 'e82be7d358', time: '2018-11-14T08:17:03'
System info: host: 'Turals-MacBook-Pro-X.local', ip: 'fe80:0:0:0:1cf9:f9cf:e8fe:9846%en0', os.name: 'Mac OS X', os.arch: 'x86_64', os.version: '13.0', java.version: '21.0.2'
Driver info: driver.version: FirefoxDriver
Caused by: org.openqa.selenium.WebDriverException: 
Cannot find firefox binary in PATH. Make sure firefox is installed. OS appears to be: MAC
Build info: version: '3.141.59', revision: 'e82be7d358', time: '2018-11-14T08:17:03'
System info: host: 'Turals-MacBook-Pro-X.local', ip: 'fe80:0:0:0:1cf9:f9cf:e8fe:9846%en0', os.name: 'Mac OS X', os.arch: 'x86_64', os.version: '13.0', java.version: '21.0.2'
Driver info: driver.version: FirefoxDriver

CheckUser  Time elapsed: 0.001 s  <<< ERROR!
org.springframework.beans.factory.UnsatisfiedDependencyException: 
Error creating bean with name 'ada.edu.demo.webtest.WebInterfaceTests': Unsatisfied dependency expressed through field 'webDriver'; nested exception is org.springframework.beans.factory.BeanCreationException: Error creating bean with name 'webDriver' defined in class path resource [ada/edu/demo/webtest/config/SeleniumConfig.class]: Bean instantiation via factory method failed; nested exception is org.springframework.beans.BeanInstantiationException: Failed to instantiate [org.openqa.selenium.WebDriver]: Factory method 'webDriver' threw exception; nested exception is org.openqa.selenium.WebDriverException: Cannot find firefox binary in PATH. Make sure firefox is installed. OS appears to be: MAC
Build info: version: '3.141.59', revision: 'e82be7d358', time: '2018-11-14T08:17:03'
System info: host: 'Turals-MacBook-Pro-X.local', ip: 'fe80:0:0:0:1cf9:f9cf:e8fe:9846%en0', os.name: 'Mac OS X', os.arch: 'x86_64', os.version: '13.0', java.version: '21.0.2'
Driver info: driver.version: FirefoxDriver
Caused by: org.springframework.beans.factory.BeanCreationException: 
Error creating bean with name 'webDriver' defined in class path resource [ada/edu/demo/webtest/config/SeleniumConfig.class]: Bean instantiation via factory method failed; nested exception is org.springframework.beans.BeanInstantiationException: Failed to instantiate [org.openqa.selenium.WebDriver]: Factory method 'webDriver' threw exception; nested exception is org.openqa.selenium.WebDriverException: Cannot find firefox binary in PATH. Make sure firefox is installed. OS appears to be: MAC
Build info: version: '3.141.59', revision: 'e82be7d358', time: '2018-11-14T08:17:03'
System info: host: 'Turals-MacBook-Pro-X.local', ip: 'fe80:0:0:0:1cf9:f9cf:e8fe:9846%en0', os.name: 'Mac OS X', os.arch: 'x86_64', os.version: '13.0', java.version: '21.0.2'
Driver info: driver.version: FirefoxDriver
Caused by: org.springframework.beans.BeanInstantiationException: 
Failed to instantiate [org.openqa.selenium.WebDriver]: Factory method 'webDriver' threw exception; nested exception is org.openqa.selenium.WebDriverException: Cannot find firefox binary in PATH. Make sure firefox is installed. OS appears to be: MAC
Build info: version: '3.141.59', revision: 'e82be7d358', time: '2018-11-14T08:17:03'
System info: host: 'Turals-MacBook-Pro-X.local', ip: 'fe80:0:0:0:1cf9:f9cf:e8fe:9846%en0', os.name: 'Mac OS X', os.arch: 'x86_64', os.version: '13.0', java.version: '21.0.2'
Driver info: driver.version: FirefoxDriver
Caused by: org.openqa.selenium.WebDriverException: 
Cannot find firefox binary in PATH. Make sure firefox is installed. OS appears to be: MAC
Build info: version: '3.141.59', revision: 'e82be7d358', time: '2018-11-14T08:17:03'
System info: host: 'Turals-MacBook-Pro-X.local', ip: 'fe80:0:0:0:1cf9:f9cf:e8fe:9846%en0', os.name: 'Mac OS X', os.arch: 'x86_64', os.version: '13.0', java.version: '21.0.2'
Driver info: driver.version: FirefoxDriver

