<?xml version="1.0" encoding="UTF-8"?>
<testsuite xmlns:xsi="http://www.w3.org/2001/XMLSchema-instance" xsi:noNamespaceSchemaLocation="https://maven.apache.org/surefire/maven-surefire-plugin/xsd/surefire-test-report.xsd" name="ada.edu.demo.webtest.EnrollCoursesWebTest" time="1.541" tests="1" errors="1" skipped="0" failures="0">
  <properties>
[...]
</properties>
  <testcase name="testVerifyStudentsEnrolledCourses" classname="ada.edu.demo.webtest.EnrollCoursesWebTest" time="0.548">
    <error message="no such element: Unable to locate element: {&quot;method&quot;:&quot;xpath&quot;,&quot;selector&quot;:&quot;//td[contains(text(), &apos;Salam&apos;)]/following-sibling::td/a&quot;}&#10;  (Session info: chrome=122.0.6261.112)&#10;For documentation on this error, please visit: https://www.seleniumhq.org/exceptions/no_such_element.html&#10;Build info: version: &apos;3.141.59&apos;, revision: &apos;e82be7d358&apos;, time: &apos;2018-11-14T08:17:03&apos;&#10;System info: host: &apos;Turals-MacBook-Pro-X.local&apos;, ip: &apos;fe80:0:0:0:1cf9:f9cf:e8fe:9846%en0&apos;, os.name: &apos;Mac OS X&apos;, os.arch: &apos;x86_64&apos;, os.version: &apos;13.0&apos;, java.version: &apos;21.0.2&apos;&#10;Driver info: org.openqa.selenium.chrome.ChromeDriver&#10;Capabilities {acceptInsecureCerts: false, browserName: chrome, browserVersion: 122.0.6261.112, chrome: {chromedriverVersion: 122.0.6261.111 (9d4c1072da6..., userDataDir: /var/folders/08/m0wll38961v...}, fedcm:accounts: true, goog:chromeOptions: {debuggerAddress: localhost:56387}, javascriptEnabled: true, networkConnectionEnabled: false, pageLoadStrategy: normal, platform: MAC, platformName: MAC, proxy: Proxy(), setWindowRect: true, strictFileInteractability: false, timeouts: {implicit: 0, pageLoad: 300000, script: 30000}, unhandledPromptBehavior: dismiss and notify, webauthn:extension:credBlob: true, webauthn:extension:largeBlob: true, webauthn:extension:minPinLength: true, webauthn:extension:prf: true, webauthn:virtualAuthenticators: true}&#10;Session ID: aa9813c40a1416e74d612f6031c58c4f&#10;*** Element info: {Using=xpath, value=//td[contains(text(), &apos;Salam&apos;)]/following-sibling::td/a}" type="org.openqa.selenium.NoSuchElementException">org.openqa.selenium.NoSuchElementException: 
no such element: Unable to locate element: {"method":"xpath","selector":"//td[contains(text(), 'Salam')]/following-sibling::td/a"}
  (Session info: chrome=122.0.6261.112)
For documentation on this error, please visit: https://www.seleniumhq.org/exceptions/no_such_element.html
Build info: version: '3.141.59', revision: 'e82be7d358', time: '2018-11-14T08:17:03'
System info: host: 'Turals-MacBook-Pro-X.local', ip: 'fe80:0:0:0:1cf9:f9cf:e8fe:9846%en0', os.name: 'Mac OS X', os.arch: 'x86_64', os.version: '13.0', java.version: '21.0.2'
Driver info: org.openqa.selenium.chrome.ChromeDriver
Capabilities {acceptInsecureCerts: false, browserName: chrome, browserVersion: 122.0.6261.112, chrome: {chromedriverVersion: 122.0.6261.111 (9d4c1072da6..., userDataDir: /var/folders/08/m0wll38961v...}, fedcm:accounts: true, goog:chromeOptions: {debuggerAddress: localhost:56387}, javascriptEnabled: true, networkConnectionEnabled: false, pageLoadStrategy: normal, platform: MAC, platformName: MAC, proxy: Proxy(), setWindowRect: true, strictFileInteractability: false, timeouts: {implicit: 0, pageLoad: 300000, script: 30000}, unhandledPromptBehavior: dismiss and notify, webauthn:extension:credBlob: true, webauthn:extension:largeBlob: true, webauthn:extension:minPinLength: true, webauthn:extension:prf: true, webauthn:virtualAuthenticators: true}
Session ID: aa9813c40a1416e74d612f6031c58c4f
*** Element info: {Using=xpath, value=//td[contains(text(), 'Salam')]/following-sibling::td/a}
	at ada.edu.demo.webtest.EnrollCoursesWebTest.testVerifyStudentsEnrolledCourses(EnrollCoursesWebTest.java:48)
</error>
    <system-out><![CDATA[2024-03-12 18:38:02.696  INFO 30937 --- [           main] .b.t.c.SpringBootTestContextBootstrapper : Neither @ContextConfiguration nor @ContextHierarchy found for test class [ada.edu.demo.webtest.EnrollCoursesWebTest], using SpringBootContextLoader
2024-03-12 18:38:02.696  INFO 30937 --- [           main] o.s.t.c.support.AbstractContextLoader    : Could not detect default resource locations for test class [ada.edu.demo.webtest.EnrollCoursesWebTest]: no resource found for suffixes {-context.xml, Context.groovy}.
2024-03-12 18:38:02.696  INFO 30937 --- [           main] t.c.s.AnnotationConfigContextLoaderUtils : Could not detect default configuration classes for test class [ada.edu.demo.webtest.EnrollCoursesWebTest]: EnrollCoursesWebTest does not declare any static, non-private, non-final, nested classes annotated with @Configuration.
2024-03-12 18:38:02.697  INFO 30937 --- [           main] .b.t.c.SpringBootTestContextBootstrapper : Found @SpringBootConfiguration ada.edu.demo.webtest.JpademoApplication for test class ada.edu.demo.webtest.EnrollCoursesWebTest
2024-03-12 18:38:02.699  INFO 30937 --- [           main] .b.t.c.SpringBootTestContextBootstrapper : Loaded default TestExecutionListener class names from location [META-INF/spring.factories]: [org.springframework.boot.test.mock.mockito.MockitoTestExecutionListener, org.springframework.boot.test.mock.mockito.ResetMocksTestExecutionListener, org.springframework.boot.test.autoconfigure.restdocs.RestDocsTestExecutionListener, org.springframework.boot.test.autoconfigure.web.client.MockRestServiceServerResetTestExecutionListener, org.springframework.boot.test.autoconfigure.web.servlet.MockMvcPrintOnlyOnFailureTestExecutionListener, org.springframework.boot.test.autoconfigure.web.servlet.WebDriverTestExecutionListener, org.springframework.test.context.web.ServletTestExecutionListener, org.springframework.test.context.support.DirtiesContextBeforeModesTestExecutionListener, org.springframework.test.context.support.DependencyInjectionTestExecutionListener, org.springframework.test.context.support.DirtiesContextTestExecutionListener, org.springframework.test.context.transaction.TransactionalTestExecutionListener, org.springframework.test.context.jdbc.SqlScriptsTestExecutionListener, org.springframework.test.context.event.EventPublishingTestExecutionListener]
2024-03-12 18:38:02.699  INFO 30937 --- [           main] .b.t.c.SpringBootTestContextBootstrapper : Using TestExecutionListeners: [org.springframework.test.context.web.ServletTestExecutionListener@537fb7bf, org.springframework.test.context.support.DirtiesContextBeforeModesTestExecutionListener@445adbd7, org.springframework.boot.test.mock.mockito.MockitoTestExecutionListener@40d0bff1, org.springframework.boot.test.autoconfigure.SpringBootDependencyInjectionTestExecutionListener@7b06dce0, org.springframework.test.context.support.DirtiesContextTestExecutionListener@556a5e70, org.springframework.test.context.transaction.TransactionalTestExecutionListener@47fca369, org.springframework.test.context.jdbc.SqlScriptsTestExecutionListener@296a350, org.springframework.test.context.event.EventPublishingTestExecutionListener@4f3a8e3e, org.springframework.boot.test.mock.mockito.ResetMocksTestExecutionListener@4824d077, org.springframework.boot.test.autoconfigure.restdocs.RestDocsTestExecutionListener@6ae1d5f1, org.springframework.boot.test.autoconfigure.web.client.MockRestServiceServerResetTestExecutionListener@5d5a77de, org.springframework.boot.test.autoconfigure.web.servlet.MockMvcPrintOnlyOnFailureTestExecutionListener@460a4935, org.springframework.boot.test.autoconfigure.web.servlet.WebDriverTestExecutionListener@28c38eeb]
2024-03-12 18:38:02.711  INFO 30937 --- [           main] i.g.bonigarcia.wdm.WebDriverManager      : Using chromedriver 122.0.6261.111 (resolved driver for Chrome 122)
2024-03-12 18:38:02.716  INFO 30937 --- [           main] i.g.bonigarcia.wdm.WebDriverManager      : Exporting webdriver.chrome.driver as /Users/turalalizada/.cache/selenium/chromedriver/mac64/122.0.6261.111/chromedriver
2024-03-12 18:38:03.698  INFO 30937 --- [ null to remote] o.o.selenium.remote.ProtocolHandshake    : Detected dialect: W3C
]]></system-out>
    <system-err><![CDATA[Starting ChromeDriver 122.0.6261.111 (9d4c1072da62b411b351a38b9ed6214ab236aa7b-refs/branch-heads/6261@{#1015}) on port 27171
Only local connections are allowed.
Please see https://chromedriver.chromium.org/security-considerations for suggestions on keeping ChromeDriver safe.
ChromeDriver was started successfully.
]]></system-err>
  </testcase>
</testsuite>